-1
0
-1
-1
I_am_the_admin 奥斯卡 foo@bar.com 10
-1
-1
-1
-1
-1
-1
-1
-1
I_am_the_admin 奥斯卡 foo@bar.com 10
-1
-1
-1
-1
-1
-1
-1
Reed 苇草 rank.In.ancient@Rome.we 4
-1
-1
-1
-1
-1
-1
-1
-1
Reed 苇草 rank.In.ancient@Rome.we 4
Leizi 惊蛰 serf.guildmaster@and.journeyma 4
-1
-1
-1
-1
-1
-1
-1
-1
-1
-1
-1
-1
-1
-1
-1
-1
-1
-1
-1
-1
-1
-1
-1
-1
-1
-1
-1
-1
-1
-1
-1
-1
-1
-1
-1
-1
-1
-1
-1
-1
-1
-1
-1
-1
-1
-1
-1
-1
-1
-1
-1
-1
-1
-1
-1
-1
-1
-1
-1
-1
-1
-1
-1
-1
-1
-1
-1
-1
-1
-1
-1
-1
-1
-1
-1
-1
-1
-1
-1
-1
-1
-1
-1
-1
-1
-1
-1
-1
-1
-1
-1
-1
-1
-1
-1
-1
-1
-1
-1
-1
-1
-1
-1
-1
-1
-1
-1
-1
-1
-1
-1
-1
-1
-1
-1
-1
-1
1
LeavesofGrass 浙江省海宁市 06-20 02:24 -> 安徽省宿州市 06-20 08:24 775 34297
2
rebuffsasthetree 辽宁省沈阳市 07-15 16:32 -> 广西桂平市 07-15 19:08 462 93904
here 辽宁省沈阳市 07-15 16:18 -> 广西桂平市 07-16 00:35 1640 22001
0
-1
-1
-1
1
LeavesofGrass 湖北省荆州市 08-07 21:20 -> 安徽省宿州市 08-08 08:24 1150 31845
0
-1
-1
-1
-1
0
0
-1
-1
-1
0
-1
-1
-1
