0
0
I_am_the_admin 奥斯卡 foo@bar.com 10
0
0
0
0
0
0
0
0
Plume 翎羽 PARTY.A.spectre@is.haunting 9
I_am_the_admin 奥斯卡 foo@bar.com 10
Plume 翎羽 PARTY.A.spectre@is.haunting 9
0
0
0
0
0
0
0
0
0
0
Haze 夜烟 Czar.Metternich@and.Guizot 3
Astesia 星极 Europethe.spectre@of.Communism 6
Haze 夜烟 policespies@Where.is 3
0
0
0
0
Haze 夜烟 policespies@Where.is 3
0
0
0
0
0
0
Ansel 安赛尔 opponents.in@power.Where 4
0
0
0
-1
Snowsant 雪雉 is.the.Opposition@that.has 3
0
-1
0
0
0
0
-1
Scavenger 清道夫 opposition@parties.as 3
Snowsant 雪雉 is.the.Opposition@that.has 3
Blaze 煌煌 against.the@more.advanced 1
Scavenger 清道夫 opposition@parties.as 3
0
0
Snowsant 雪雉 is.the.Opposition@that.has 3
0
0
Haze 夜烟 policespies@Where.is 3
0
0
0
0
Conviction 断罪者 I.Communism@is.already 2
0
-1
0
Snowsant 雪雉 is.the.Opposition@that.has 3
Snowsant 雪雉 is.the.Opposition@that.has 3
Haze 夜烟 policespies@Where.is 3
Ansel 安赛尔 opponents.in@power.Where 4
0
0
0
0
0
Nightmare 夜魔 is.high.time@that.Communists 4
Ansel 安赛尔 opponents.in@power.Where 4
-1
0
0
0
0
Ansel 安赛尔 opponents.in@power.Where 4
-1
0
-1
Mousse 慕斯 itself.a.Power@II.It 4
0
0
0
0
Conviction 断罪者 I.Communism@is.already 2
0
0
Haze 夜烟 policespies@Where.is 3
0
0
0
0
0
0
0
-1
Conviction 断罪者 I.Communism@is.already 2
0
0
0
-1
Conviction 断罪者 I.Communism@is.already 2
Hellagur 赫拉格 meet.this.nursery@tale.of 3
Rope 暗索 in.London.and@sketched.the 4
0
-1
Nightmare 夜魔 is.high.time@that.Communists 4
0
0
0
0
0
0
0
0
0
0
0
0
0
0
0
0
Phantom 傀影 following.Manifesto@to.be 2
Rope 暗索 in.London.and@sketched.the 4
0
0
0
-1
0
0
0
0
0
0
0
0
0
Conviction 断罪者 that.each.time@ended.either 2
0
0
Ambriel 安比尔 history.of@all.hitherto 3
Conviction 断罪者 that.each.time@ended.either 2
0
-1
Grani 格拉尼 in.a.word.oppressor@and.oppres 1
Mousse 慕斯 itself.a.Power@II.It 4
Ambriel 安比尔 history.of@all.hitherto 3
-1
Hellagur 赫拉格 meet.this.nursery@tale.of 3
Grani 格拉尼 in.a.word.oppressor@and.oppres 1
0
0
Nian 年年 in.the.common@ruin.of 1
Courier 讯使 end.Communists@of.various 1
Scavenger 清道夫 opposition@parties.as 3
Snowsant 雪雉 is.the.Opposition@that.has 3
0
0
0
0
0
W 达不溜 French.German@Italian.Flemish 2
Scavenger 清道夫 opposition@parties.as 3
Snowsant 雪雉 is.the.Opposition@that.has 3
0
0
0
0
-1
Fang 芬芬 nationalities@have.assembled 3
Bison 拜松 one.another@carried.on 1
Vigna 红豆 adversaries@Two.things 5
0
0
0
-1
0
-1
0
0
0
0
Ceobe 刻俄柏 acknowledged@by.all 4
0
0
0
Haze 夜烟 policespies@Where.is 3
-1
0
0
Ambriel 安比尔 history.of@all.hitherto 3
Ambriel 安比尔 history.of@all.hitherto 3
0
0
0
-1
0
0
Mousse 慕斯 itself.a.Power@II.It 4
Sussurro 苏苏洛 into.various@orders.a 1
0
0
0
0
Mousse 慕斯 itself.a.Power@II.It 4
NoirCorne 黑角 face.of.the@whole.world 4
Provence 普罗旺斯 aims.their@tendencies.and 4
WaaiFu 槐琥 have.patricians@knights.plebei 1
0
Ifrit 伊芙利特 slaves.in.the@Middle.Ages 3
Sesa 慑砂 everywhere@a.complicated 4
Mousse 慕斯 itself.a.Power@II.It 4
Ambriel 安比尔 history.of@all.hitherto 3
Bison 拜松 one.another@carried.on 1
Zima 凛冬 classes.again@subordinate.grad 1
Liskarm 雷蛇 the.Spectre@of.Communism 3
0
0
0
0
Schwarz 黑黑 and.Danish@languages.I 1
0
0
0
0
Popukar 泡普卡 journeymen@apprentices.serfs 1
0
0
Greyy 格雷 new.forms.of@struggle.in 4
Ambriel 安比尔 history.of@all.hitherto 3
0
0
0
0
ProjeKTRed 红红 place.of.the@old.ones 1
Magallan 麦哲伦 arrangement@of.society 2
Eyjafjalla 艾雅法拉 but.established@new.classes 1
NoirCorne 黑角 face.of.the@whole.world 4
Ambriel 安比尔 the.bourgeoisie@possesses.howe 3
Greyy 格雷 new.forms.of@struggle.in 4
Frostleaf 霜叶 existing.societies@is.the 1
0
0
0
0
Haze 夜烟 antagonisms@Society.as 3
0
0
Ifrit 伊芙利特 slaves.in.the@Middle.Ages 3
0
Gummy 古米 new.conditions@of.oppression 4
Conviction 断罪者 that.each.time@ended.either 2
Purestream 清流 this.distinctive@feature.it 2
Sora 空空 manifold.gradation@of.social 2
Courier 讯使 more.splitting@up.into 1
0
0
0
Scavenger 清道夫 opposition@parties.as 3
FEater 食铁兽 not.done.away@with.class 1
Sora 空空 manifold.gradation@of.social 2
Popukar 泡普卡 journeymen@apprentices.serfs 1
0
0
0
0
0
0
0
Courier 讯使 more.splitting@up.into 1
0
0
Broca 布洛卡 serfs.of.the@Middle.Ages 4
0
-1
Fang 芬芬 nationalities@have.assembled 3
Gummy 古米 new.conditions@of.oppression 4
Courier 讯使 more.splitting@up.into 1
0
-1
Durin 杜林 Proletariat@From.the 1
0
0
Eyjafjalla 艾雅法拉 but.established@new.classes 1
Nian 年年 in.the.common@ruin.of 1
Executor 送葬人 two.great.hostile@camps.into 1
Croissant 可颂 ruins.of.feudal@society.has 4
0
Gummy 古米 new.conditions@of.oppression 4
Zima 凛冬 classes.again@subordinate.grad 1
0
0
ProjeKTRed 红红 place.of.the@old.ones 1
Shining 闪灵 publish.their@views.their 1
Fang 芬芬 nationalities@have.assembled 3
Mousse 慕斯 itself.a.Power@II.It 4
Conviction 断罪者 that.each.time@ended.either 2
-1
Ceobe 刻俄柏 acknowledged@by.all 4
Snowsant 雪雉 is.the.Opposition@that.has 3
0
0
0
0
Scavenger 清道夫 opposition@parties.as 3
0
0
0
0
0
0
Aak 阿阿 an.uninterrupted@now.hidden 1
Sideroca 铸铁 of.the.earliest@towns.From 2
0
0
0
0
Broca 布洛 serfs.of.the@Middle.Ages 4
0
0
Gavial 嘉维尔 each.other@Bourgeoisie.and 1
0
Rope 暗索 in.London.and@sketched.the 4
Sora 空空 manifold.gradation@of.social 2
0
0
Durin 杜林 Proletariat@From.the 1
Bison 拜松 one.another@carried.on 1
0
0
-1
Bibeak 柏喙 rising.bourgeoisie@The.EastInd 1
0
0
GreyThroat 灰喉 means.of.exchange@and.in 2
Eyjafjalla 艾雅法拉 but.established@new.classes 1
Schwarz 黑黑 and.Danish@languages.I 1
Courier 讯使 more.splitting@up.into 1
Gravel 砾砾 trade.with@the.colonies 4
Amiya 阿米娅 commodities@generally.gave 2
0
Deepcolor 深海色 The.modern@bourgeois.society 3
Mousse 慕斯 itself.a.Power@II.It 4
Fang 芬芬 to.commerce@to.navigation 3
Nian 年年 in.the.common@ruin.of 1
0
Hung 吽吽 that.has.sprouted@from.the 3
0
0
Hung 吽吽 that.has.sprouted@from.the 3
0
-1
Sideroca 铸铁 of.the.earliest@towns.From 2
Purestream 清流 this.distinctive@feature.it 2
Gavial 嘉维尔 each.other@Bourgeoisie.and 1
-1
Sora 空空 manifold.gradation@of.social 2
0
0
0
0
Sideroca 铸铁 of.the.earliest@towns.From 2
Liskarm 雷蛇 the.Spectre@of.Communism 3
0
Gummy 古米 new.conditions@of.oppression 4
0
Rope 暗索 in.London.and@sketched.the 4
0
0
0
0
Gummy 古米 new.conditions@of.oppression 4
Ambriel 安比尔 the.bourgeoisie@possesses.howe 3
Magallan 麦哲伦 arrangement@of.society 2
Gravel 砾砾 trade.with@the.colonies 4
Eyjafjalla 艾雅法拉 but.established@new.classes 1
Courier 讯使 more.splitting@up.into 1
Siege 推进之王 in.a.revolutionary@reconstitut 1
Savage 暴行 fresh.ground@for.the 1
Rope 暗索 in.London.and@sketched.the 4
Broca 布洛 serfs.of.the@Middle.Ages 4
Greyy 格雷 new.forms.of@struggle.in 4
Frostleaf 霜叶 existing.societies@is.the 1
Schwarz 黑黑 and.Danish@languages.I 1
0
Weedy 温蒂 with.a.Manifesto@of.the 2
-1
0
0
0
Scavenger 清道夫 opposition@parties.as 3
Snowsant 雪雉 is.the.Opposition@that.has 3
Zima 凛冬 classes.again@subordinate.grad 1
Gummy 古米 new.conditions@of.oppression 4
Phantom 傀影 following.Manifesto@to.be 2
Ceobe 刻俄柏 development@The.feudal 4
Sussurro 苏苏洛 into.various@orders.a 1
0
0
Ceobe 刻俄柏 development@The.feudal 4
Hellagur 赫拉格 meet.this.nursery@tale.of 3
Franka 芙兰卡 and.Chinese@markets.the 1
Purestream 清流 this.distinctive@feature.it 2
0
0
Gavial 嘉维尔 each.other@Bourgeoisie.and 1
0
0
NoirCorne 黑角 face.of.the@whole.world 4
Deepcolor 深海色 The.modern@bourgeois.society 3
Popukar 泡普卡 journeymen@apprentices.serfs 1
0
0
Gravel 砾砾 trade.with@the.colonies 4
Gravel 砾砾 trade.with@the.colonies 4
0
0
0
Greyy 格雷 new.forms.of@struggle.in 4
0
Ceobe 刻俄柏 development@The.feudal 4
Utage 宴宴 never.before@known.and 2
Sideroca 铸铁 of.the.earliest@towns.From 2
Silence 赫默 has.simplified@the.class 2
Greyy 格雷 new.forms.of@struggle.in 4
WaaiFu 槐琥 have.patricians@knights.plebei 1
Blaze 煌煌 against.the@more.advanced 1
Schwarz 黑黑 wants.of.the@new.markets 1
0
0
Eyjafjalla 艾雅法 its.place.The@guildmasters.wer 1
0
0
Durin 杜林 Proletariat@From.the 1
Weedy 温蒂 with.a.Manifesto@of.the 2
Mousse 慕斯 itself.a.Power@II.It 4
Eyjafjalla 艾雅法 its.place.The@guildmasters.wer 1
W 达不溜 French.German@Italian.Flemish 2
Hellagur 赫拉格 meet.this.nursery@tale.of 3
Ptilopsis 白面鸮 element.in@the.tottering 3
Lava 炎熔 feudal.society@a.rapid 1
Aak 阿阿 an.uninterrupted@now.hidden 1
Scavenger 清道 the.manufacturing@middle.class 3
Sideroca 铸铁 of.the.earliest@towns.From 2
Bison 拜松 one.another@carried.on 1
0
Bibeak 柏喙 rising.bourgeoisie@The.EastInd 1
Reed 苇草 industrial@production.was 3
Purestream 清流 this.distinctive@feature.it 2
0
0
0
Silence 赫默 has.simplified@the.class 2
Purestream 清流 this.distinctive@feature.it 2
Meteor 流星 to.industry@an.impulse 2
Aak 阿阿 an.uninterrupted@now.hidden 1
-1
Midnight 月见夜 a.whole.is@more.and 3
Silence 赫默 has.simplified@the.class 2
0
0
0
Savage 暴行 fresh.ground@for.the 1
Ceobe 刻俄柏 vanished.in@the.face 4
Sussurro 苏苏洛 of.division@of.labour 1
Siege 推进之王 in.a.revolutionary@reconstitut 1
Frostleaf 霜叶 existing.societies@is.the 1
0
0
Orchid 梓兰 two.great.classes@directly.fac 1
Frostleaf 霜叶 existing.societies@is.the 1
Ptilopsis 白面鸮 element.in@the.tottering 3
Breeze 微风 now.open.fight@a.fight 1
0
0
Hellagur 赫拉格 meet.this.nursery@tale.of 3
Greyy 格雷 new.forms.of@struggle.in 4
Schwarz 黑黑 wants.of.the@new.markets 1
Magallan 麦哲伦 arrangement@of.society 2
FEater 食铁兽 not.done.away@with.class 1
NoirCorne 黑角 face.of.the@whole.world 4
Gravel 砾砾 trade.with@the.colonies 4
Ceylon 锡兰 The.manufacturing@system.took 4
Croissant 可颂 ruins.of.feudal@society.has 4
0
0
Magallan 麦哲伦 arrangement@of.society 2
Magallan 麦哲伦 arrangement@of.society 2
Amiya 阿米娅 commodities@generally.gave 2
Conviction 断罪者 that.each.time@ended.either 2
Haze 夜烟 antagonisms@Society.as 3
Bison 拜松 one.another@carried.on 1
Executor 送葬人 two.great.hostile@camps.into 1
Matterhorn 角峰 pushed.on.one@side.by 4
Angelina 安洁莉娜 monopolised@by.closed 1
Angelina 安洁莉娜 monopolised@by.closed 1
Exusiai 能天使 growing.the@demand.ever 1
WaaiFu 槐琥 have.patricians@knights.plebei 1
Purestream 清流 this.distinctive@feature.it 2
Weedy 温蒂 with.a.Manifesto@of.the 2
Matterhorn 角峰 pushed.on.one@side.by 4
Shining 闪灵 publish.their@views.their 1
Savage 暴行 fresh.ground@for.the 1
Croissant 可颂 ruins.of.feudal@society.has 4
0
-1
0
0
-1
-1
Broca 布洛 serfs.of.the@Middle.Ages 4
Hibiscus 芙蓉 thereby.to@the.revolutionary 2
Grani 格拉尼 in.a.word.oppressor@and.oppres 1
Schwarz 黑黑 wants.of.the@new.markets 1
0
Reed 苇草 industrial@production.was 3
Sesa 慑砂 everywhere@a.complicated 4
Lava 炎熔 feudal.society@a.rapid 1
Blaze 煌煌 against.the@more.advanced 1
Durin 杜林 Proletariat@From.the 1
Provence 普罗旺斯 aims.their@tendencies.and 4
0
0
Midnight 月见夜 a.whole.is@more.and 3
Hung 吽吽 that.has.sprouted@from.the 3
Orchid 梓兰 two.great.classes@directly.fac 1
Silence 赫默 has.simplified@the.class 2
Rope 暗索 in.London.and@sketched.the 4
Shining 闪灵 publish.their@views.their 1
-1
Bibeak 柏喙 rising.bourgeoisie@The.EastInd 1
Ambriel 安比尔 the.bourgeoisie@possesses.howe 3
GreyThroat 灰喉 means.of.exchange@and.in 2
Haze 夜烟 antagonisms@Society.as 3
0
Frostleaf 霜叶 existing.societies@is.the 1
Phantom 傀影 following.Manifesto@to.be 2
Franka 芙兰卡 and.Chinese@markets.the 1
Greyy 格雷 new.forms.of@struggle.in 4
Snowsant 雪雉 is.the.Opposition@that.has 3
Ambriel 安比尔 the.bourgeoisie@possesses.howe 3
Savage 暴行 fresh.ground@for.the 1
Meteor 流星 to.industry@an.impulse 2
0
Ceylon 锡兰 The.manufacturing@system.took 4
FEater 食铁兽 not.done.away@with.class 1
Siege 推进之王 in.a.revolutionary@reconstitut 1
0
0
Sora 空空 manifold.gradation@of.social 2
Hibiscus 芙蓉 thereby.to@the.revolutionary 2
Mayer 梅尔 production@The.place 2
0
0
Orchid 梓兰 two.great.classes@directly.fac 1
NoirCorne 黑角 face.of.the@whole.world 4
Nian 年年 in.the.common@ruin.of 1
-1
Beehunter 猎蜂 longer.sufficed@Thereupon.stea 4
Eyjafjalla 艾雅法 its.place.The@guildmasters.wer 1
Sussurro 苏苏洛 of.division@of.labour 1
Myrrh 末药 system.of.industry@under.which 4
Grani 格拉尼 in.a.word.oppressor@and.oppres 1
Utage 宴宴 never.before@known.and 2
Orchid 梓兰 by.the.giant@Modern.Industry 1
Provence 普罗旺斯 aims.their@tendencies.and 4
W 达不溜 French.German@Italian.Flemish 2
Snowsant 雪雉 is.the.Opposition@that.has 3
Rope 暗索 in.London.and@sketched.the 4
Ambriel 安比尔 the.bourgeoisie@possesses.howe 3
0
Bibeak 柏喙 rising.bourgeoisie@The.EastInd 1
Franka 芙兰 and.Chinese@markets.the 1
Zima 凛冬 classes.again@subordinate.grad 1
Shamare 巫恋 rising.Even@manufacture.no 2
Ansel 安赛尔 opponents.in@power.Where 4
Hung 吽吽 that.has.sprouted@from.the 3
Breeze 微风 the.place.of@the.industrial 1
Mostima 莫斯提马 of.America@the.rounding 1
Franka 芙兰 and.Chinese@markets.the 1
Shamare 巫恋 rising.Even@manufacture.no 2
0
0
Savage 暴行 fresh.ground@for.the 1
Midnight 月见夜 a.whole.is@more.and 3
Grani 格拉尼 in.a.word.oppressor@and.oppres 1
Mostima 莫斯提马 of.America@the.rounding 1
Scavenger 清道 millionaires@the.leaders 3
0
Eyjafjalla 艾雅法 its.place.The@guildmasters.wer 1
Shamare 巫恋 rising.Even@manufacture.no 2
0
NoirCorne 黑角 face.of.the@whole.world 4
Executor 送葬人 two.great.hostile@camps.into 1
0
0
Utage 宴宴 never.before@known.and 2
Eyjafjalla 艾雅法 its.place.The@guildmasters.wer 1
Nian 年年 in.the.common@ruin.of 1
Mousse 慕斯 itself.a.Power@II.It 4
Utage 宴宴 never.before@known.and 2
Utage 宴宴 never.before@known.and 2
Popukar 泡普卡 journeymen@apprentices.serfs 1
Durin 杜林 Proletariat@From.the 1
Frostleaf 霜叶 existing.societies@is.the 1
Gummy 古米 new.conditions@of.oppression 4
Gravel 砾砾 trade.with@the.colonies 4
0
Mayer 梅尔 production@The.place 2
Vulcan 火神 and.machinery@revolutionised.i 3
Shamare 巫恋 rising.Even@manufacture.no 2
W 达不溜 French.German@Italian.Flemish 2
Franka 芙兰 and.Chinese@markets.the 1
0
0
0
0
0
0
0
0
0
0
0
0
0
0
0
0
0
0
0
0
9327456
393859767
1
puzzletheNewWorld 北京市 08-06 07:37 -> 广西梧州市 08-06 14:57 2594 63242
109942997
82942286
1
INSCRIPTIONS 湖南省韶山市 06-29 03:05 -> 安徽省桐城市 06-29 04:13 3893 70652
1
AndtodefineAmeric 黑龙江省双城市 06-17 13:02 -> 山西省运城市 06-18 02:16 10339 63369
35760879
1
AndtodefineAmeric 辽宁省辽阳市 08-18 06:45 -> 湖南省冷水江市 08-19 05:58 18763 63369
3139389
1
TOtheeoldcause 云南省开远市 07-22 13:06 -> 河南省登封市 07-22 23:42 10149 76748
1
AndtodefineAmeric 辽宁省辽阳市 07-25 06:45 -> 湖南省冷水江市 07-26 05:58 18763 63369
0
8061879
1
TOTHEEOLDCAUSE 江西省吉安市 06-25 06:34 -> 河南省巩义市 06-25 14:30 10194 96526
142328850
1
LeavesofGrass 福建省莆田市 07-15 21:43 -> 河北省石家庄市 07-16 12:19 14378 28660
1
TOTHEEOLDCAUSE 黑龙江省北安市 07-14 19:59 -> 广东省阳春市 07-15 17:10 19291 96526
36259310
1
IHEARDthatyouask 山东省诸城市 07-16 00:54 -> 黑龙江省海林市 07-16 20:50 24228 66633
1
LeavesofGrass 山东省栖霞市 08-10 00:32 -> 福建省漳州市 08-10 02:04 738 28660
10852350
13959425
0
1
AndtodefineAmeric 山东省即墨市 07-19 14:37 -> 湖南省冷水江市 07-20 05:58 11865 63369
1
LeavesofGrass 北京市 08-05 13:47 -> 天津市 08-06 09:51 22653 28033
102676540
1
ThereforeIsendyou 广西岑溪市 07-08 18:01 -> 新疆喀什市 07-08 23:20 7499 60364
1
AndtodefineAmeric 黑龙江省双城市 07-13 13:02 -> 山西省运城市 07-14 02:16 10339 63369
1
INSCRIPTIONS 陕西省延安市 07-21 23:39 -> 湖南省韶山市 07-22 02:56 7976 70652
330213865
1
TOtheeoldcause 吉林省公主岭市 08-04 17:21 -> 辽宁省本溪市 08-05 10:36 15251 76748
1
puzzletheNewWorld 广西梧州市 07-15 15:00 -> 山东省淄博市 07-16 04:45 3128 63242
1
INSCRIPTIONS 江西省南昌市 07-02 22:02 -> 湖南省韶山市 07-03 02:56 10452 70652
1
INSCRIPTIONS 辽宁省沈阳市 07-23 05:05 -> 福建省永安市 07-23 14:39 10100 70652
51555394
8121690
1
TOTHEEOLDCAUSE 湖北省广水市 07-10 03:15 -> 广东省阳春市 07-10 17:10 15125 96526
1
whatyouwanted 河北省鹿泉市 06-21 15:07 -> 黑龙江省七台河市 06-22 01:21 14682 77031
296981018
1598508
4762113
0
49034528
78564618
1
AndtodefineAmeric 黑龙江省双城市 07-19 13:02 -> 天津市 07-19 22:44 5774 63369
1
whatyouwanted 吉林省舒兰市 07-19 19:24 -> 黑龙江省七台河市 07-20 01:21 8913 77031
6497165
29759100
1
LeavesofGrass 福建省莆田市 08-03 21:43 -> 河北省石家庄市 08-04 12:19 14378 28660
1
IHEARDthatyouask 辽宁省辽阳市 08-06 08:18 -> 广东省恩平市 08-06 16:32 8752 66633
368989105
1
TOTHEEOLDCAUSE 黑龙江省北安市 07-22 19:59 -> 河南省巩义市 07-23 14:30 15426 96526
1
TOFOREIGNLANDS 福建省建阳市 07-28 12:58 -> 四川省峨眉山市 07-28 23:47 4503 92416
22539888
